<?xml version="1.0" encoding="UTF-8"?>
<!-- Generated by org.testng.reporters.JUnitXMLReporter -->
<testsuite ignored="0" hostname="LAPTOP-KFFVKKC5" failures="0" tests="8" name="Login Tests" time="72.652" errors="0" timestamp="2025-09-20T16:20:55 ICT">
  <testcase classname="tc_website.LoginTestDataDriven" name="@BeforeMethod setUp" time="35.985">
    <failure type="org.openqa.selenium.NoSuchElementException" message="no such element: Unable to locate element: {&amp;quot;method&amp;quot;:&amp;quot;xpath&amp;quot;,&amp;quot;selector&amp;quot;:&amp;quot;//a[@href=&amp;apos;/auth/login&amp;apos;]&amp;quot;}
  (Session info: chrome=140.0.7339.128)
For documentation on this error, please visit: https://www.selenium.dev/documentation/webdriver/troubleshooting/errors#no-such-element-exception
Build info: version: &amp;apos;4.21.0&amp;apos;, revision: &amp;apos;79ed462ef4&amp;apos;
System info: os.name: &amp;apos;Windows 11&amp;apos;, os.arch: &amp;apos;amd64&amp;apos;, os.version: &amp;apos;10.0&amp;apos;, java.version: &amp;apos;17.0.4.1&amp;apos;
Driver info: org.openqa.selenium.chrome.ChromeDriver
Command: [6e7b6e57d9b74e8c437fbbe19a2e1444, findElement {value=//a[@href=&amp;apos;/auth/login&amp;apos;], using=xpath}]
Capabilities {acceptInsecureCerts: false, browserName: chrome, browserVersion: 140.0.7339.128, chrome: {chromedriverVersion: 140.0.7339.185 (eeea00e459e..., userDataDir: C:\Users\HP\AppData\Local\T...}, fedcm:accounts: true, goog:chromeOptions: {debuggerAddress: localhost:64604}, networkConnectionEnabled: false, pageLoadStrategy: normal, platformName: windows, proxy: Proxy(), se:cdp: ws://localhost:64604/devtoo..., se:cdpVersion: 140.0.7339.128, setWindowRect: true, strictFileInteractability: false, timeouts: {implicit: 0, pageLoad: 300000, script: 30000}, unhandledPromptBehavior: dismiss and notify, webauthn:extension:credBlob: true, webauthn:extension:largeBlob: true, webauthn:extension:minPinLength: true, webauthn:extension:prf: true, webauthn:virtualAuthenticators: true}
Session ID: 6e7b6e57d9b74e8c437fbbe19a2e1444">
      <![CDATA[org.openqa.selenium.NoSuchElementException: no such element: Unable to locate element: {"method":"xpath","selector":"//a[@href='/auth/login']"}
  (Session info: chrome=140.0.7339.128)
For documentation on this error, please visit: https://www.selenium.dev/documentation/webdriver/troubleshooting/errors#no-such-element-exception
Build info: version: '4.21.0', revision: '79ed462ef4'
System info: os.name: 'Windows 11', os.arch: 'amd64', os.version: '10.0', java.version: '17.0.4.1'
Driver info: org.openqa.selenium.chrome.ChromeDriver
Command: [6e7b6e57d9b74e8c437fbbe19a2e1444, findElement {value=//a[@href='/auth/login'], using=xpath}]
Capabilities {acceptInsecureCerts: false, browserName: chrome, browserVersion: 140.0.7339.128, chrome: {chromedriverVersion: 140.0.7339.185 (eeea00e459e..., userDataDir: C:\Users\HP\AppData\Local\T...}, fedcm:accounts: true, goog:chromeOptions: {debuggerAddress: localhost:64604}, networkConnectionEnabled: false, pageLoadStrategy: normal, platformName: windows, proxy: Proxy(), se:cdp: ws://localhost:64604/devtoo..., se:cdpVersion: 140.0.7339.128, setWindowRect: true, strictFileInteractability: false, timeouts: {implicit: 0, pageLoad: 300000, script: 30000}, unhandledPromptBehavior: dismiss and notify, webauthn:extension:credBlob: true, webauthn:extension:largeBlob: true, webauthn:extension:minPinLength: true, webauthn:extension:prf: true, webauthn:virtualAuthenticators: true}
Session ID: 6e7b6e57d9b74e8c437fbbe19a2e1444
at org.openqa.selenium.remote.ErrorCodec.decode(ErrorCodec.java:167)
at org.openqa.selenium.remote.codec.w3c.W3CHttpResponseCodec.decode(W3CHttpResponseCodec.java:138)
at org.openqa.selenium.remote.codec.w3c.W3CHttpResponseCodec.decode(W3CHttpResponseCodec.java:50)
at org.openqa.selenium.remote.HttpCommandExecutor.execute(HttpCommandExecutor.java:190)
at org.openqa.selenium.remote.service.DriverCommandExecutor.invokeExecute(DriverCommandExecutor.java:216)
at org.openqa.selenium.remote.service.DriverCommandExecutor.execute(DriverCommandExecutor.java:174)
at org.openqa.selenium.remote.RemoteWebDriver.execute(RemoteWebDriver.java:518)
at org.openqa.selenium.remote.ElementLocation$ElementFinder$2.findElement(ElementLocation.java:165)
at org.openqa.selenium.remote.ElementLocation.findElement(ElementLocation.java:59)
at org.openqa.selenium.remote.RemoteWebDriver.findElement(RemoteWebDriver.java:355)
at org.openqa.selenium.remote.RemoteWebDriver.findElement(RemoteWebDriver.java:349)
at tc_website.LoginTestDataDriven.setUp(LoginTestDataDriven.java:30)
at java.base/java.util.ArrayList.forEach(ArrayList.java:1511)
at tc_website.TestNGRunner.main(TestNGRunner.java:44)
... Removed 33 stack frames]]>
    </failure>
  </testcase> <!-- @BeforeMethod setUp -->
  <testcase classname="tc_website.BaseTest" name="@AfterMethod tearDown" time="-1.758360055161E9">
    <skipped/>
  </testcase> <!-- @AfterMethod tearDown -->
  <testcase classname="tc_website.LoginTestDataDriven" name="@BeforeMethod setUp" time="-1.758360055161E9">
    <skipped/>
  </testcase> <!-- @BeforeMethod setUp -->
  <testcase classname="tc_website.BaseTest" name="@AfterMethod tearDown" time="-1.758360055161E9">
    <skipped/>
  </testcase> <!-- @AfterMethod tearDown -->
  <testcase classname="tc_website.LoginTestDataDriven" name="@BeforeMethod setUp" time="-1.758360055163E9">
    <skipped/>
  </testcase> <!-- @BeforeMethod setUp -->
  <testcase classname="tc_website.BaseTest" name="@AfterMethod tearDown" time="-1.758360055163E9">
    <skipped/>
  </testcase> <!-- @AfterMethod tearDown -->
  <testcase classname="tc_website.LoginTestDataDriven" name="@BeforeMethod setUp" time="-1.758360055163E9">
    <skipped/>
  </testcase> <!-- @BeforeMethod setUp -->
  <testcase classname="tc_website.BaseTest" name="@AfterMethod tearDown" time="-1.758360055163E9">
    <skipped/>
  </testcase> <!-- @AfterMethod tearDown -->
  <testcase classname="tc_website.LoginTestDataDriven" name="@BeforeMethod setUp" time="-1.758360055163E9">
    <skipped/>
  </testcase> <!-- @BeforeMethod setUp -->
  <testcase classname="tc_website.BaseTest" name="@AfterMethod tearDown" time="-1.758360055163E9">
    <skipped/>
  </testcase> <!-- @AfterMethod tearDown -->
  <testcase classname="tc_website.LoginTestDataDriven" name="testLoginSuccessfully" time="4.624"/>
  <testcase classname="tc_website.LoginTestDataDriven" name="testLoginWithWrongEmail" time="4.469"/>
  <testcase classname="tc_website.LoginTestDataDriven" name="testLoginWithWrongPassword" time="4.347"/>
  <testcase classname="tc_website.LoginTestDataDriven" name="testLoginWithEmptyEmail" time="0.0">
    <skipped/>
  </testcase> <!-- testLoginWithEmptyEmail -->
  <testcase classname="tc_website.LoginTestDataDriven" name="testLoginWithEmptyPassword" time="0.0">
    <skipped/>
  </testcase> <!-- testLoginWithEmptyPassword -->
  <testcase classname="tc_website.LoginTestDataDriven" name="testLoginWithInvalidEmail" time="0.0">
    <skipped/>
  </testcase> <!-- testLoginWithInvalidEmail -->
  <testcase classname="tc_website.LoginTestDataDriven" name="testLoginWithNumericPassword" time="0.0">
    <skipped/>
  </testcase> <!-- testLoginWithNumericPassword -->
  <testcase classname="tc_website.LoginTestDataDriven" name="testLoginWithAlphabeticPassword" time="0.0">
    <skipped/>
  </testcase> <!-- testLoginWithAlphabeticPassword -->
</testsuite> <!-- Login Tests -->
